<?xml version="1.0" encoding="UTF-8"?>
<!-- Generated by org.testng.reporters.JUnitXMLReporter -->
<testsuite ignored="0" hostname="DESKTOP-2UM13OP" failures="1" tests="1" name="Test2" time="22.61" errors="0" timestamp="2025-05-09T00:26:18 IST">
  <testcase classname="com.coverFoxTest.CoverFoxTestUsingTestNGFail" name="validateCoverFoxPlansFail" time="0.004">
    <failure type="java.lang.AssertionError" message="null">
      <![CDATA[java.lang.AssertionError: null
at com.coverFoxTest.CoverFoxTestUsingTestNGFail.validateCoverFoxPlansFail(CoverFoxTestUsingTestNGFail.java:68)
at java.base/java.util.ArrayList.forEach(ArrayList.java:1597)
at java.base/java.util.concurrent.FutureTask.run(FutureTask.java:317)
at java.base/java.util.concurrent.ThreadPoolExecutor.runWorker(ThreadPoolExecutor.java:1144)
at java.base/java.util.concurrent.ThreadPoolExecutor$Worker.run(ThreadPoolExecutor.java:642)
at java.base/java.lang.Thread.run(Thread.java:1575)
... Removed 17 stack frames]]>
    </failure>
  </testcase> <!-- validateCoverFoxPlansFail -->
</testsuite> <!-- Test2 -->
