<?xml version="1.0" encoding="UTF-8"?>
<!-- Generated by org.testng.reporters.JUnitXMLReporter -->
<testsuite ignored="0" hostname="DESKTOP-2UM13OP" failures="0" tests="2" name="Test4" time="46.289" errors="0" timestamp="2025-05-09T00:20:42 IST">
  <testcase classname="com.coverFoxTest.CoverFoxValidatePincodeAndMobileErrorMsg" name="validateAddressPageMobileErrorMessages" time="0.127"/>
  <testcase classname="com.coverFoxTest.CoverFoxValidatePincodeAndMobileErrorMsg" name="validateAddressPagePinErrorMessages" time="0.151"/>
</testsuite> <!-- Test4 -->
