<?xml version="1.0" encoding="UTF-8"?>
<!-- Generated by org.testng.reporters.JUnitXMLReporter -->
<testsuite ignored="0" hostname="DESKTOP-2UM13OP" failures="0" tests="2" name="Test" time="28.798" errors="0" timestamp="2025-05-08T23:45:12 IST">
  <testcase classname="com.coverFoxTest.CoverFoxValidatePincodeAndMobileErrorMsg" name="validateAddressPageMobileErrorMessages" time="0.109"/>
  <testcase classname="com.coverFoxTest.CoverFoxValidatePincodeAndMobileErrorMsg" name="validateAddressPagePinErrorMessages" time="0.13"/>
</testsuite> <!-- Test -->
