<?xml version="1.0" encoding="UTF-8"?>
<!-- Generated by org.testng.reporters.JUnitXMLReporter -->
<testsuite ignored="0" hostname="DESKTOP-2UM13OP" failures="0" tests="2" name="Test" time="0.028" errors="0" timestamp="2025-05-08T19:55:28 IST">
  <testcase classname="com.coverFoxTest.CoverFoxValidatePincodeAndMobileErrorMsg" name="validateAddressPageMobileErrorMessages" time="0.0">
    <skipped/>
  </testcase> <!-- validateAddressPageMobileErrorMessages -->
  <testcase classname="com.coverFoxTest.CoverFoxValidatePincodeAndMobileErrorMsg" name="validateAddressPagePinErrorMessages" time="0.0">
    <skipped/>
  </testcase> <!-- validateAddressPagePinErrorMessages -->
</testsuite> <!-- Test -->
