<?xml version="1.0" encoding="UTF-8"?>
<testng-results ignored="0" total="2" passed="1" failed="1" skipped="0">
  <reporter-output>
    <line>
      <![CDATA[Launching Browser]]>
    </line>
    <line>
      <![CDATA[Clicking on Gender]]>
    </line>
    <line>
      <![CDATA[Handeling Age Dropdown]]>
    </line>
    <line>
      <![CDATA[Address details Page]]>
    </line>
    <line>
      <![CDATA[Entering Pin]]>
    </line>
    <line>
      <![CDATA[Entering Mobile number]]>
    </line>
    <line>
      <![CDATA[Clicking continue button]]>
    </line>
    <line>
      <![CDATA[Fetching plan number from Text]]>
    </line>
    <line>
      <![CDATA[Fetching plan number from plan cards]]>
    </line>
    <line>
      <![CDATA[Plan number from Text = 48]]>
    </line>
    <line>
      <![CDATA[Plan number from Cards = 48]]>
    </line>
    <line>
      <![CDATA[TC Passed]]>
    </line>
    <line>
      <![CDATA[TC is passed validateCoverFoxPlans]]>
    </line>
    <line>
      <![CDATA[Closing Browser]]>
    </line>
    <line>
      <![CDATA[Launching Browser]]>
    </line>
    <line>
      <![CDATA[Clicking on Gender]]>
    </line>
    <line>
      <![CDATA[Handeling Age Dropdown]]>
    </line>
    <line>
      <![CDATA[Address details Page]]>
    </line>
    <line>
      <![CDATA[Entering Pin]]>
    </line>
    <line>
      <![CDATA[Entering Mobile number]]>
    </line>
    <line>
      <![CDATA[Clicking continue button]]>
    </line>
    <line>
      <![CDATA[TC failed]]>
    </line>
    <line>
      <![CDATA[TC is failed validateCoverFoxPlansFail]]>
    </line>
    <line>
      <![CDATA[Taking screenshot and saving at destination C:\Users\Shubham\OneDrive\Desktop\screenshots\CoverFox2025_04_22_23_42_38.png]]>
    </line>
    <line>
      <![CDATA[Closing Browser]]>
    </line>
  </reporter-output>
  <suite started-at="2025-04-22T23:42:14 IST" name="Suite" finished-at="2025-04-22T23:42:26 IST" duration-ms="12275">
    <groups>
    </groups>
    <test started-at="2025-04-22T23:42:14 IST" name="Test" finished-at="2025-04-22T23:42:26 IST" duration-ms="12275">
      <class name="com.coverFoxTest.CoverFoxTestUsingTestNG">
        <test-method is-config="true" signature="openBrowser()[pri:0, instance:com.coverFoxTest.CoverFoxTestUsingTestNG@6b2ea799]" started-at="2025-04-22T23:42:14 IST" name="openBrowser" finished-at="2025-04-22T23:42:17 IST" duration-ms="3486" status="PASS">
          <reporter-output>
            <line>
              <![CDATA[Launching Browser]]>
            </line>
          </reporter-output>
        </test-method> <!-- openBrowser -->
        <test-method is-config="true" signature="coverFoxPreRequisites()[pri:0, instance:com.coverFoxTest.CoverFoxTestUsingTestNG@6b2ea799]" started-at="2025-04-22T23:42:17 IST" name="coverFoxPreRequisites" finished-at="2025-04-22T23:42:26 IST" duration-ms="8072" status="PASS">
          <reporter-output>
            <line>
              <![CDATA[Clicking on Gender]]>
            </line>
            <line>
              <![CDATA[Handeling Age Dropdown]]>
            </line>
            <line>
              <![CDATA[Address details Page]]>
            </line>
            <line>
              <![CDATA[Entering Pin]]>
            </line>
            <line>
              <![CDATA[Entering Mobile number]]>
            </line>
            <line>
              <![CDATA[Clicking continue button]]>
            </line>
          </reporter-output>
        </test-method> <!-- coverFoxPreRequisites -->
        <test-method signature="validateCoverFoxPlans()[pri:0, instance:com.coverFoxTest.CoverFoxTestUsingTestNG@6b2ea799]" started-at="2025-04-22T23:42:26 IST" name="validateCoverFoxPlans" finished-at="2025-04-22T23:42:26 IST" duration-ms="115" status="PASS">
          <reporter-output>
            <line>
              <![CDATA[Fetching plan number from Text]]>
            </line>
            <line>
              <![CDATA[Fetching plan number from plan cards]]>
            </line>
            <line>
              <![CDATA[Plan number from Text = 48]]>
            </line>
            <line>
              <![CDATA[Plan number from Cards = 48]]>
            </line>
            <line>
              <![CDATA[TC Passed]]>
            </line>
            <line>
              <![CDATA[TC is passed validateCoverFoxPlans]]>
            </line>
          </reporter-output>
        </test-method> <!-- validateCoverFoxPlans -->
        <test-method is-config="true" signature="closeBrowser()[pri:0, instance:com.coverFoxTest.CoverFoxTestUsingTestNG@6b2ea799]" started-at="2025-04-22T23:42:26 IST" name="closeBrowser" finished-at="2025-04-22T23:42:26 IST" duration-ms="549" status="PASS">
          <reporter-output>
            <line>
              <![CDATA[Closing Browser]]>
            </line>
          </reporter-output>
        </test-method> <!-- closeBrowser -->
      </class> <!-- com.coverFoxTest.CoverFoxTestUsingTestNG -->
    </test> <!-- Test -->
  </suite> <!-- Suite -->
  <suite started-at="2025-04-22T23:42:26 IST" name="Suite (0)" finished-at="2025-04-22T23:42:39 IST" duration-ms="12972">
    <groups>
    </groups>
    <test started-at="2025-04-22T23:42:26 IST" name="Test" finished-at="2025-04-22T23:42:39 IST" duration-ms="12972">
      <class name="com.coverFoxTest.CoverFoxTestUsingTestNGFail">
        <test-method is-config="true" signature="openBrowser()[pri:0, instance:com.coverFoxTest.CoverFoxTestUsingTestNGFail@233795b6]" started-at="2025-04-22T23:42:26 IST" name="openBrowser" finished-at="2025-04-22T23:42:31 IST" duration-ms="4469" status="PASS">
          <reporter-output>
            <line>
              <![CDATA[Launching Browser]]>
            </line>
          </reporter-output>
        </test-method> <!-- openBrowser -->
        <test-method is-config="true" signature="coverFoxPreRequisites()[pri:0, instance:com.coverFoxTest.CoverFoxTestUsingTestNGFail@233795b6]" started-at="2025-04-22T23:42:31 IST" name="coverFoxPreRequisites" finished-at="2025-04-22T23:42:38 IST" duration-ms="7772" status="PASS">
          <reporter-output>
            <line>
              <![CDATA[Clicking on Gender]]>
            </line>
            <line>
              <![CDATA[Handeling Age Dropdown]]>
            </line>
            <line>
              <![CDATA[Address details Page]]>
            </line>
            <line>
              <![CDATA[Entering Pin]]>
            </line>
            <line>
              <![CDATA[Entering Mobile number]]>
            </line>
            <line>
              <![CDATA[Clicking continue button]]>
            </line>
          </reporter-output>
        </test-method> <!-- coverFoxPreRequisites -->
        <test-method signature="validateCoverFoxPlansFail()[pri:0, instance:com.coverFoxTest.CoverFoxTestUsingTestNGFail@233795b6]" started-at="2025-04-22T23:42:38 IST" name="validateCoverFoxPlansFail" finished-at="2025-04-22T23:42:38 IST" duration-ms="1" status="FAIL">
          <exception class="java.lang.AssertionError">
            <message>
              <![CDATA[null]]>
            </message>
            <full-stacktrace>
              <![CDATA[java.lang.AssertionError: null
at org.testng.Assert.fail(Assert.java:111)
at org.testng.Assert.fail(Assert.java:116)
at com.coverFoxTest.CoverFoxTestUsingTestNGFail.validateCoverFoxPlansFail(CoverFoxTestUsingTestNGFail.java:70)
at java.base/jdk.internal.reflect.DirectMethodHandleAccessor.invoke(DirectMethodHandleAccessor.java:103)
at java.base/java.lang.reflect.Method.invoke(Method.java:580)
at org.testng.internal.invokers.MethodInvocationHelper.invokeMethod(MethodInvocationHelper.java:141)
at org.testng.internal.invokers.TestInvoker.invokeMethod(TestInvoker.java:687)
at org.testng.internal.invokers.TestInvoker.invokeTestMethod(TestInvoker.java:230)
at org.testng.internal.invokers.MethodRunner.runInSequence(MethodRunner.java:63)
at org.testng.internal.invokers.TestInvoker$MethodInvocationAgent.invoke(TestInvoker.java:995)
at org.testng.internal.invokers.TestInvoker.invokeTestMethods(TestInvoker.java:203)
at org.testng.internal.invokers.TestMethodWorker.invokeTestMethods(TestMethodWorker.java:154)
at org.testng.internal.invokers.TestMethodWorker.run(TestMethodWorker.java:134)
at java.base/java.util.ArrayList.forEach(ArrayList.java:1597)
at org.testng.TestRunner.privateRun(TestRunner.java:741)
at org.testng.TestRunner.run(TestRunner.java:616)
at org.testng.SuiteRunner.runTest(SuiteRunner.java:421)
at org.testng.SuiteRunner.runSequentially(SuiteRunner.java:413)
at org.testng.SuiteRunner.privateRun(SuiteRunner.java:373)
at org.testng.SuiteRunner.run(SuiteRunner.java:312)
at org.testng.SuiteRunnerWorker.runSuite(SuiteRunnerWorker.java:52)
at org.testng.SuiteRunnerWorker.run(SuiteRunnerWorker.java:95)
at org.testng.TestNG.runSuitesSequentially(TestNG.java:1274)
at org.testng.TestNG.runSuitesLocally(TestNG.java:1208)
at org.testng.TestNG.runSuites(TestNG.java:1112)
at org.testng.TestNG.run(TestNG.java:1079)
at org.apache.maven.surefire.testng.TestNGExecutor.run(TestNGExecutor.java:308)
at org.apache.maven.surefire.testng.TestNGXmlTestSuite.execute(TestNGXmlTestSuite.java:71)
at org.apache.maven.surefire.testng.TestNGProvider.invoke(TestNGProvider.java:113)
at org.apache.maven.surefire.booter.ForkedBooter.runSuitesInProcess(ForkedBooter.java:385)
at org.apache.maven.surefire.booter.ForkedBooter.execute(ForkedBooter.java:162)
at org.apache.maven.surefire.booter.ForkedBooter.run(ForkedBooter.java:507)
at org.apache.maven.surefire.booter.ForkedBooter.main(ForkedBooter.java:495)
]]>
            </full-stacktrace>
          </exception> <!-- java.lang.AssertionError -->
          <reporter-output>
            <line>
              <![CDATA[TC failed]]>
            </line>
            <line>
              <![CDATA[TC is failed validateCoverFoxPlansFail]]>
            </line>
            <line>
              <![CDATA[Taking screenshot and saving at destination C:\Users\Shubham\OneDrive\Desktop\screenshots\CoverFox2025_04_22_23_42_38.png]]>
            </line>
          </reporter-output>
        </test-method> <!-- validateCoverFoxPlansFail -->
        <test-method is-config="true" signature="closeBrowser()[pri:0, instance:com.coverFoxTest.CoverFoxTestUsingTestNGFail@233795b6]" started-at="2025-04-22T23:42:39 IST" name="closeBrowser" finished-at="2025-04-22T23:42:39 IST" duration-ms="536" status="PASS">
          <reporter-output>
            <line>
              <![CDATA[Closing Browser]]>
            </line>
          </reporter-output>
        </test-method> <!-- closeBrowser -->
      </class> <!-- com.coverFoxTest.CoverFoxTestUsingTestNGFail -->
    </test> <!-- Test -->
  </suite> <!-- Suite (0) -->
</testng-results>
